<?xml version="1.0" encoding="UTF-8"?>
<!-- Generated by org.testng.reporters.JUnitReportReporter -->
<testsuite hostname="Catalog-PC" failures="0" tests="1" name="testCases.Setmatching" time="66.254" errors="0" timestamp="01 May 2019 09:55:13 GMT" skipped="0">
  <testcase classname="testCases.Setmatching" name="setmatching" time="66.254"/>
</testsuite> <!-- testCases.Setmatching -->
