<?xml version="1.0" encoding="UTF-8"?>
<!-- Generated by org.testng.reporters.JUnitReportReporter -->
<testsuite hostname="Catalog-PC" failures="0" tests="1" name="testCases.noncatalogupload" time="43.136" errors="0" timestamp="11 Apr 2019 13:48:21 GMT" skipped="0">
  <testcase classname="testCases.noncatalogupload" name="uploadnoncatalog" time="43.136"/>
</testsuite> <!-- testCases.noncatalogupload -->
