<?xml version="1.0" encoding="UTF-8"?>
<!-- Generated by org.testng.reporters.JUnitReportReporter -->
<testsuite hostname="Catalog-PC" failures="0" tests="1" name="testCases.TC_LoginTest_001" time="0.756" errors="0" timestamp="11 Apr 2019 13:48:21 GMT" skipped="0">
  <testcase classname="testCases.TC_LoginTest_001" name="LoginTest" time="0.756"/>
</testsuite> <!-- testCases.TC_LoginTest_001 -->
